 PATH path8 FOUND 
Scale factor = 1.000000
 0) 604.05,377.95
    556.06,119.89
    0.00,0.84
    0.84,0.84
ERROR
ERROR
ERROR
    0.00,-0.50
ERROR
ERROR
ERROR
    -0.42,-0.50
    -1.17,0.42
ERROR
    47.40,49.00
ERROR
ERROR
ERROR
    45.47,53.44
    75.17,83.14
ERROR
ERROR
ERROR
    73.91,86.66
    100.17,112.92
ERROR
ERROR
ERROR
    99.42,116.95
    117.62,135.16
ERROR
ERROR
ERROR
    117.62,138.18
    117.62,336.84
ERROR
    177.02,396.24
ERROR
ERROR
ERROR
    179.29,414.87
    202.19,437.77
ERROR
ERROR
ERROR
    207.48,446.16
    270.57,509.25
ERROR
ERROR
ERROR
    280.38,517.64
    302.11,539.37
ERROR
ERROR
ERROR
    306.72,541.72
    359.24,594.24
ERROR
ERROR
ERROR
    365.96,596.42
ERROR
    370.07,597.43
    379.80,599.44
    394.14,602.12
    398.76,602.79
    405.72,603.72
    415.71,604.89
    218.72,0.00
    0.00,13.59
    13.59,13.59
ERROR
ERROR
    0.00,-5.87
    -5.87,-2.10
    59.90,59.90
ERROR
ERROR
    0.00,-18.54
    -18.54,0.00
    38.93,38.93
ERROR
ERROR
    0.00,-15.35
    -15.35,6.12
    39.85,39.85
ERROR
ERROR
    0.00,-15.19
    -15.19,21.31
    77.44,77.44
ERROR
ERROR
    0.00,-2.43
    -2.43,23.32
    96.90,96.90
ERROR
ERROR
    0.00,4.03
    4.03,24.58
    57.05,57.05
ERROR
ERROR
    0.00,6.21
    6.21,13.84
    25.76,25.76
ERROR
ERROR
    0.00,6.38
    6.38,6.80
    107.22,107.22
ERROR
ERROR
    0.00,17.87
    17.87,10.74
    123.91,123.91
ERROR
ERROR
    0.00,22.90
    22.90,8.39
    0.00,-230.55
ERROR
    -2.18,-231.55
    -6.80,-233.32
    -13.68,-235.83
ERROR
    17.03,-205.13
ERROR
ERROR
ERROR
    9.56,-206.80
    67.28,-149.08
ERROR
ERROR
ERROR
    48.83,-147.49
    80.88,-115.44
ERROR
ERROR
ERROR
    70.05,-110.24
    87.50,-92.79
ERROR
ERROR
ERROR
    83.39,-88.51
    114.77,-57.13
ERROR
ERROR
ERROR
    110.32,-47.40
    169.05,11.33
ERROR
ERROR
ERROR
    170.81,44.88
    232.14,106.21
ERROR
ERROR
ERROR
    247.07,130.21
    289.02,172.16
ERROR
ERROR
ERROR
    298.17,179.45
    377.62,258.90
ERROR
ERROR
ERROR
    390.20,264.19
ERROR
    394.73,265.78
    403.71,268.97
    417.38,273.50
    63.01,63.01
ERROR
    0.00,1.00
    1.00,5.54
    5.54,-13.76
    59.57,59.57
ERROR
    0.00,1.00
    1.00,10.49
    10.49,-14.68
    41.95,41.95
ERROR
    0.00,1.00
    1.00,15.35
    15.35,-9.31
    99.17,99.17
ERROR
    0.00,1.00
    1.00,21.90
    21.90,-4.70
    174.59,174.59
ERROR
    0.00,1.00
    1.00,22.23
    22.23,-1.26
    122.57,122.57
ERROR
    0.00,1.00
    1.00,17.45
    17.45,1.34
    59.40,59.40
ERROR
    0.00,1.00
    1.00,-7.63
    -7.63,-2.94
    0.00,-5.79
    -5.79,-2.60
    -14.26,-7.05
    -22.74,-11.41
    0.00,260.08
    260.08,260.08
ERROR
    0.00,1.00
    1.00,59.40
    59.40,95.64
    99.67,99.67
ERROR
    0.00,1.00
    1.00,37.67
    37.67,75.93
    47.57,47.57
ERROR
    0.00,1.00
    1.00,29.95
    29.95,61.24
    59.73,59.73
ERROR
    0.00,1.00
    1.00,27.52
    27.52,49.67
    0.00,51.43
    51.43,51.43
ERROR
    0.00,1.00
    1.00,0.00
    0.00,-13.26
    0.00,65.44
    65.44,65.44
ERROR
    0.00,1.00
    1.00,33.89
    33.89,15.27
    37.59,37.59
ERROR
    0.00,1.00
    1.00,42.28
    42.28,4.78
    32.47,32.47
ERROR
    0.00,1.00
    1.00,48.91
    48.91,0.00
ERROR
    74.08,168.63
    35.66,208.40
    506.73,209.15
ERROR
    508.16,209.15
    510.26,209.15
    512.35,209.15
ERROR
    578.72,275.52
ERROR
ERROR
ERROR
    565.38,272.75
ERROR
    540.96,268.47
    462.60,254.54
    347.16,231.22
ERROR
    624.78,508.83
ERROR
ERROR
    625.78,508.83
    562.52,485.93
    700.70,624.10
ERROR
ERROR
    701.70,624.10
    668.14,600.61
    720.32,652.80
ERROR
ERROR
    721.32,652.80
    707.23,628.38
    801.94,723.10
ERROR
ERROR
    802.94,723.10
    801.69,686.19
    862.43,746.93
ERROR
ERROR
    863.43,746.93
    875.59,717.56
    939.86,781.83
ERROR
ERROR
    940.86,781.83
    975.76,760.18
    1134.57,919.00
ERROR
ERROR
    1135.57,919.00
    1176.26,915.73
    1187.92,927.39
ERROR
ERROR
ERROR
    1191.78,927.39
    1192.71,928.31
ERROR
ERROR
ERROR
    1193.29,927.89
ERROR
ERROR
    1192.45,927.31
    1189.27,925.96
ERROR
    1586.18,1322.88
ERROR
ERROR
    1587.18,1322.88
    1926.62,1490.84
    2004.06,1568.27
ERROR
ERROR
    2005.06,1568.27
    2317.91,1715.01
    2380.41,1777.51
ERROR
ERROR
    2381.41,1777.51
    2681.76,1894.21
    2724.72,1937.17
ERROR
ERROR
    2725.72,1937.17
    3033.28,2025.84
    3096.87,2089.44
ERROR
ERROR
    3097.87,2089.44
    3428.93,2157.23
    3497.72,2226.02
ERROR
ERROR
    3498.72,2226.02
    3853.02,2287.43
    4016.70,2451.11
ERROR
ERROR
    4017.70,2451.11
    4403.96,2511.44
    4789.12,2896.60
ERROR
ERROR
    4790.12,2896.60
    5264.22,2971.77
    551.28,97.91
    533.66,1.01
    196.74,0.50
    0.00,-0.67
    -0.67,0.00
    -1.17,0.00
    -1.09,0.00
    0.00,88.93
    88.93,88.93
ERROR
ERROR
    0.00,12.42
    12.42,4.61
    52.02,52.02
ERROR
    0.00,1.00
    1.00,10.74
    10.74,5.20
    109.07,109.07
ERROR
    0.00,1.00
    1.00,17.45
    17.45,13.09
    60.74,60.74
ERROR
    0.00,1.00
    1.00,13.76
    13.76,18.88
    44.47,44.47
ERROR
    0.00,1.00
    1.00,4.11
    4.11,20.64
    26.51,26.51
ERROR
    0.00,1.00
    1.00,-9.06
    -9.06,20.05
    56.97,56.97
ERROR
    0.00,1.00
    1.00,-38.68
    -38.68,8.39
    43.29,43.29
ERROR
    0.00,1.00
    1.00,-26.18
    -26.18,-11.58
    41.95,41.95
ERROR
    0.00,1.00
    1.00,-9.48
    -9.48,-15.27
    32.89,32.89
ERROR
    0.00,1.00
    1.00,-1.93
    -1.93,-8.39
    20.81,20.81
ERROR
    0.00,1.00
    1.00,0.67
    0.67,-8.39
    19.80,19.80
ERROR
    0.00,1.00
    1.00,5.96
    5.96,-9.31
    36.83,36.83
ERROR
    0.00,1.00
    1.00,5.96
    5.96,-3.19
    0.00,0.84
    0.84,-0.50
    1.43,-1.09
    1.51,-1.68
    0.08,-0.59
    -0.76,-2.01
    -2.18,-3.61
    0.00,35.57
    35.57,35.57
ERROR
ERROR
    0.00,-13.09
    -13.09,-9.48
    37.92,37.92
ERROR
ERROR
    0.00,-20.47
    -20.47,0.00
    29.45,29.45
ERROR
ERROR
    0.00,-13.34
    -13.34,6.12
    36.16,36.16
ERROR
ERROR
    0.00,-10.40
    -10.40,16.36
    67.62,67.62
ERROR
ERROR
    0.00,-2.35
    -2.35,22.82
    70.81,70.81
ERROR
ERROR
    0.00,2.35
    2.35,16.11
    43.63,43.63
ERROR
ERROR
    0.00,7.80
    7.80,15.77
    86.75,86.75
ERROR
ERROR
    0.00,20.30
    20.30,17.79
    39.01,39.01
ERROR
ERROR
    0.00,17.28
    17.28,6.46
    0.00,7.72
    7.72,1.01
    18.12,0.59
    23.91,1.26
    0.00,9.73
    9.73,9.73
ERROR
    0.00,1.00
    1.00,6.29
    6.29,2.35
    11.33,11.33
ERROR
    0.00,1.00
    1.00,2.85
    2.85,5.96
    19.80,19.80
ERROR
    0.00,1.00
    1.00,-0.50
    -0.50,8.81
    11.33,11.33
ERROR
    0.00,1.00
    1.00,-6.54
    -6.54,7.72
    41.95,41.95
ERROR
    0.00,1.00
    1.00,-23.24
    -23.24,0.00
    14.35,14.35
ERROR
    0.00,1.00
    1.00,-8.39
    -8.39,-5.37
    47.74,47.74
ERROR
ERROR
    0.00,-14.51
    -14.51,0.00
    31.38,31.38
ERROR
ERROR
    0.00,-10.65
    -10.65,3.94
    22.90,22.90
ERROR
ERROR
    0.00,-8.39
    -8.39,8.39
    84.99,84.99
ERROR
ERROR
    0.00,-8.39
    -8.39,27.85
    95.31,95.31
ERROR
ERROR
    0.00,1.68
    1.68,37.59
    60.57,60.57
ERROR
ERROR
    0.00,16.11
    16.11,28.52
    55.96,55.96
ERROR
ERROR
    0.00,21.48
    21.48,12.08
    51.09,51.09
ERROR
ERROR
    0.00,11.75
    11.75,2.18
    18.54,18.54
ERROR
ERROR
    0.00,4.87
    4.87,0.00
    17.95,17.95
ERROR
ERROR
    0.00,4.53
    4.53,-1.51
    18.54,18.54
ERROR
    0.00,1.00
    1.00,-4.19
    -4.19,-8.39
    57.47,57.47
ERROR
    0.00,1.00
    1.00,-1.76
    -1.76,-21.31
    30.45,30.45
ERROR
    0.00,1.00
    1.00,4.45
    4.45,-12.08
    21.65,21.65
ERROR
    0.00,1.00
    1.00,4.95
    4.95,-5.62
    58.14,58.14
ERROR
    0.00,1.00
    1.00,19.13
    19.13,-10.74
    53.19,53.19
ERROR
    0.00,1.00
    1.00,26.01
    26.01,-0.42
    69.05,69.05
ERROR
    0.00,1.00
    1.00,18.46
    18.46,6.96
    43.88,43.88
ERROR
    0.00,1.00
    1.00,13.68
    13.68,10.49
    42.62,42.62
ERROR
    0.00,1.00
    1.00,8.39
    8.39,18.88
    56.71,56.71
ERROR
    0.00,1.00
    1.00,0.00
    0.00,18.79
    43.04,43.04
ERROR
    0.00,1.00
    1.00,-3.27
    -3.27,11.49
    41.95,41.95
ERROR
    0.00,1.00
    1.00,-8.39
    -8.39,12.84
    50.34,50.34
ERROR
    0.00,1.00
    1.00,-18.21
    -18.21,11.07
    95.47,95.47
ERROR
    0.00,1.00
    1.00,-28.19
    -28.19,5.12
    281.14,281.14
ERROR
    0.00,1.00
    1.00,-52.18
    -52.18,-2.94
    245.06,245.06
ERROR
    0.00,1.00
    1.00,-125.84

Object origin:
2658.203067 1603.803314

Eagle Command:
set wire_bend 2;
change layer tNames;
set width 0.050000;
poly (R -2001.966337 990.018104) (R -2049.955007 1248.083074) (R -2606.019577 1367.131901) (R -2605.180614 1367.131901) (R -2606.019577 1368.474234) (R -2606.439067 1368.474234) (R -2607.194137 1367.551384) (R -2558.618189 1318.975436) (R -2560.547809 1314.528926) (R -2530.848525 1284.829642) (R -2532.106965 1281.306002) (R -2505.847428 1255.046465) (R -2506.602498 1251.019445) (R -2488.397005 1232.813952) (R -2488.397005 1229.793682) (R -2488.397005 1031.127282) (R -2428.998436 971.728713) (R -2426.733236 953.103743) (R -2403.829551 930.200058) (R -2398.544081 921.810428) (R -2335.454076 858.720423) (R -2325.638216 850.330793) (R -2303.909079 828.601656) (R -2299.294779 826.252566) (R -2246.775706 773.733493) (R -2240.064006 771.552183) (R -2235.953086 770.545433) (R -2226.221116 768.531923) (R -2211.874846 765.847243) (R -2207.260556 765.176073) (R -2200.297166 764.253213) (R -2190.313516 763.078663) (R -2153.399127 1036.412744) (R -2387.301967 1367.970864) (R -2606.019577 1354.379666) (R -2592.428379 1354.379666) (R -2606.019577 1373.843604) (R -2611.892317 1370.068264) (R -2546.117631 1308.068918) (R -2606.019577 1386.511944) (R -2624.560657 1367.970864) (R -2567.091702 1329.042989) (R -2606.019577 1383.323884) (R -2621.372597 1361.846434) (R -2566.168842 1328.120129) (R -2606.019577 1383.156094) (R -2621.204807 1346.661214) (R -2528.583308 1290.534595) (R -2606.019577 1370.403854) (R -2608.452567 1344.647694) (R -2509.119370 1271.070657) (R -2606.019577 1363.943844) (R -2601.992557 1343.389254) (R -2548.970104 1310.921391) (R -2606.019577 1361.762534) (R -2599.811247 1354.127974) (R -2580.263418 1342.214705) (R -2606.019577 1361.594754) (R -2599.643467 1361.175274) (R -2498.800127 1260.751414) (R -2606.019577 1350.100954) (R -2588.149667 1357.232134) (R -2482.104767 1244.056054) (R -2606.019577 1345.067174) (R -2583.115887 1359.581234) (R -2606.019577 1507.490384) (R -2606.019577 1598.517854) (R -2608.200887 1599.524604) (R -2612.815187 1601.286424) (R -2619.694687 1603.803314) (R -2588.988647 1573.097274) (R -2596.455417 1574.775194) (R -2538.734774 1517.054551) (R -2557.191954 1515.460521) (R -2525.143574 1483.412141) (R -2535.966194 1478.210571) (R -2518.515767 1460.760144) (R -2522.626687 1456.481434) (R -2491.249477 1425.104224) (R -2495.695977 1415.372254) (R -2436.968579 1356.644856) (R -2435.206759 1323.086346) (R -2373.878576 1261.758163) (R -2358.945036 1237.763823) (R -2316.996894 1195.815681) (R -2307.852194 1188.516711) (R -2228.402414 1109.066931) (R -2215.817974 1103.781461) (R -2211.287574 1102.187431) (R -2202.310674 1098.999371) (R -2188.635584 1094.468971) (R -2580.850692 1199.339334) (R -2543.013468 1304.964755) (R -2606.019577 1366.970864) (R -2605.019577 1362.433709) (R -2600.482422 1381.729854) (R -2546.453216 1308.404503) (R -2606.019577 1366.970864) (R -2605.019577 1357.483829) (R -2595.532542 1382.652714) (R -2564.071435 1326.022722) (R -2606.019577 1366.970864) (R -2605.019577 1352.617844) (R -2590.666557 1377.283344) (R -2506.854170 1268.805457) (R -2606.019577 1366.970864) (R -2605.019577 1346.073934) (R -2584.122647 1372.669064) (R -2431.431407 1193.382694) (R -2606.019577 1366.970864) (R -2605.019577 1345.738349) (R -2583.787062 1369.229304) (R -2483.447107 1245.398394) (R -2606.019577 1366.970864) (R -2605.019577 1350.520434) (R -2588.569147 1366.628524) (R -2546.621008 1308.572295) (R -2606.019577 1366.970864) (R -2605.019577 1375.605424) (R -2613.654137 1370.907234) (R -2606.019577 1373.759714) (R -2611.808427 1370.571644) (R -2620.281950 1375.018154) (R -2628.755475 1379.380754) (R -2606.019577 1107.892384) (R -2345.941097 1107.892384) (R -2606.019577 1366.970864) (R -2605.019577 1308.572295) (R -2546.621008 1272.329094) (R -2506.350793 1268.302080) (R -2606.019577 1366.970864) (R -2605.019577 1330.301433) (R -2568.350146 1292.044724) (R -2558.450384 1320.401671) (R -2606.019577 1366.970864) (R -2605.019577 1338.019891) (R -2576.068604 1306.726574) (R -2546.285423 1308.236710) (R -2606.019577 1366.970864) (R -2605.019577 1340.452883) (R -2578.501596 1318.304264) (R -2606.019577 1316.542442) (R -2554.591155 1316.542442) (R -2606.019577 1366.970864) (R -2605.019577 1367.970864) (R -2606.019577 1381.226474) (R -2606.019577 1302.531763) (R -2540.580476 1302.531763) (R -2606.019577 1366.970864) (R -2605.019577 1334.076766) (R -2572.125479 1352.701734) (R -2568.434042 1330.385329) (R -2606.019577 1366.970864) (R -2605.019577 1325.687137) (R -2563.735850 1363.188774) (R -2573.551715 1335.503002) (R -2606.019577 1366.970864) (R -2605.019577 1319.059331) (R -2557.108044 1367.970864) (R -2531.939159 1199.339334) (R -2596.119816 1303.370724) (R -2570.363657 1159.572494) (R -2099.286022 1158.817424) (R -2097.859792 1158.817424) (R -2095.762392 1158.817424) (R -2093.664992 1158.817424) (R -2027.303032 1092.455464) (R -2040.642542 1095.224044) (R -2065.056352 1099.502754) (R -2143.415472 1113.429534) (R -2258.856752 1136.752704) (R -1981.243952 859.139904) (R -1980.243952 859.139904) (R -2043.501752 882.043584) (R -1905.324572 743.866404) (R -1904.324572 743.866404) (R -1937.883082 767.357364) (R -1885.699594 715.173876) (R -1884.699594 715.173876) (R -1898.794174 739.587696) (R -1804.075270 644.868792) (R -1803.075270 644.868792) (R -1804.333710 681.783152) (R -1743.592801 621.042243) (R -1742.592801 621.042243) (R -1730.427841 650.405943) (R -1666.163288 586.141390) (R -1665.163288 586.141390) (R -1630.262438 607.786630) (R -1471.446778 448.970970) (R -1470.446778 448.970970) (R -1429.757078 452.242930) (R -1418.095495 440.581347) (R -1414.236265 440.581347) (R -1413.313405 439.658488) (R -1412.726135 440.077968) (R -1413.565095 440.665238) (R -1416.753155 442.007578) (R -1019.839835 45.094258) (R -1018.839835 45.094258) (R -679.395475 -122.866102) (R -601.959206 -200.302371) (R -600.959206 -200.302371) (R -288.109966 -347.036971) (R -225.607235 -409.539702) (R -224.607235 -409.539702) (R 75.741455 -526.239432) (R 118.696352 -569.194329) (R 119.696352 -569.194329) (R 427.260122 -657.872709) (R 490.853505 -721.466092) (R 491.853505 -721.466092) (R 822.908235 -789.254292) (R 891.703187 -858.049244) (R 892.703187 -858.049244) (R 1246.997187 -919.461324) (R 1410.678837 -1083.142974) (R 1411.678837 -1083.142974) (R 1797.937327 -1143.464404) (R 2183.105167 -1528.632244) (R 2184.105167 -1528.632244) (R 2658.203067 -1603.803314) (R -2054.737097 1270.063894) (R -2072.355317 1366.964104) (R -2409.282797 1367.467484) (R -2606.019577 1368.642034) (R -2606.690747 1367.970864) (R -2607.194117 1367.970864) (R -2607.110227 1367.970864) (R -2606.019577 1279.040804) (R -2517.089517 1279.040804) (R -2606.019577 1355.554214) (R -2593.602927 1363.356564) (R -2554.003881 1315.955168) (R -2606.019577 1366.970864) (R -2605.019577 1357.232134) (R -2595.280847 1362.769294) (R -2496.954407 1258.905694) (R -2606.019577 1366.970864) (R -2605.019577 1350.520444) (R -2588.569157 1354.883044) (R -2545.278668 1307.229955) (R -2606.019577 1366.970864) (R -2605.019577 1354.211874) (R -2592.260587 1349.094204) (R -2561.554547 1323.505834) (R -2606.019577 1366.970864) (R -2605.019577 1363.859944) (R -2601.908657 1347.332374) (R -2579.508352 1341.459639) (R -2606.019577 1366.970864) (R -2605.019577 1377.031664) (R -2615.080377 1347.919654) (R -2549.054001 1311.005288) (R -2606.019577 1366.970864) (R -2605.019577 1406.647044) (R -2644.695757 1359.581234) (R -2562.729095 1324.680382) (R -2606.019577 1366.970864) (R -2605.019577 1394.146504) (R -2632.195217 1379.548554) (R -2564.071435 1326.022722) (R -2606.019577 1366.970864) (R -2605.019577 1377.451144) (R -2615.499857 1383.239984) (R -2573.132234 1335.083521) (R -2606.019577 1366.970864) (R -2605.019577 1369.900484) (R -2607.949197 1376.360494) (R -2585.213299 1347.164586) (R -2606.019577 1366.970864) (R -2605.019577 1367.299694) (R -2605.348407 1376.360494) (R -2586.220054 1348.171341) (R -2606.019577 1366.970864) (R -2605.019577 1362.014224) (R -2600.062937 1377.283354) (R -2569.189109 1331.140396) (R -2606.019577 1366.970864) (R -2605.019577 1362.014234) (R -2600.062947 1371.158924) (R -2606.019577 1367.131894) (R -2605.180607 1368.474234) (R -2604.593337 1369.061514) (R -2604.509437 1369.648784) (R -2605.935677 1368.558144) (R -2606.774647 1369.984374) (R -2608.200887 1371.578404) (R -2606.019577 1332.398840) (R -2570.447553 1332.398840) (R -2606.019577 1381.058684) (R -2619.107397 1377.451144) (R -2568.098457 1330.049744) (R -2606.019577 1388.441554) (R -2626.490267 1367.970864) (R -2576.571982 1338.523269) (R -2606.019577 1381.310374) (R -2619.359087 1361.846434) (R -2569.860279 1331.811566) (R -2606.019577 1378.374004) (R -2616.422717 1351.611094) (R -2538.399173 1300.350460) (R -2606.019577 1370.319954) (R -2608.368667 1345.151074) (R -2535.211114 1297.162401) (R -2606.019577 1365.621774) (R -2603.670487 1351.862774) (R -2562.393510 1324.344797) (R -2606.019577 1360.168504) (R -2598.217217 1352.198364) (R -2519.270820 1281.222107) (R -2606.019577 1347.667964) (R -2585.716677 1350.184854) (R -2567.007805 1328.959092) (R -2606.019577 1350.688234) (R -2588.736947 1361.510854) (R -2606.019577 1360.252404) (R -2598.301117 1366.964104) (R -2587.897977 1367.383584) (R -2582.109137 1366.712414) (R -2606.019577 1358.238895) (R -2596.287608 1358.238895) (R -2606.019577 1366.970864) (R -2605.019577 1361.678644) (R -2599.727357 1365.621774) (R -2594.693579 1356.644866) (R -2606.019577 1366.970864) (R -2605.019577 1365.118384) (R -2603.167097 1362.014224) (R -2586.220054 1348.171341) (R -2606.019577 1366.970864) (R -2605.019577 1368.474244) (R -2606.522957 1359.161754) (R -2594.693579 1356.644866) (R -2606.019577 1366.970864) (R -2605.019577 1374.514774) (R -2612.563487 1360.252404) (R -2564.071435 1326.022722) (R -2606.019577 1366.970864) (R -2605.019577 1391.210134) (R -2629.258847 1367.970864) (R -2591.673313 1353.624600) (R -2606.019577 1366.970864) (R -2605.019577 1376.360494) (R -2614.409207 1373.340224) (R -2558.282592 1320.233879) (R -2606.019577 1382.484924) (R -2620.533637 1367.970864) (R -2574.642367 1336.593654) (R -2606.019577 1378.625684) (R -2616.674397 1364.027744) (R -2583.115892 1345.067179) (R -2606.019577 1376.360494) (R -2614.409207 1359.581234) (R -2521.032642 1282.983929) (R -2606.019577 1376.360494) (R -2614.409207 1340.117294) (R -2510.713399 1272.664686) (R -2606.019577 1366.292944) (R -2604.341657 1330.385334) (R -2545.446461 1307.397748) (R -2606.019577 1351.862774) (R -2589.911487 1339.446124) (R -2550.060756 1312.012043) (R -2606.019577 1346.493414) (R -2584.542127 1355.889804) (R -2554.926741 1316.878028) (R -2606.019577 1356.225384) (R -2594.274097 1365.789554) (R -2587.478498 1349.429785) (R -2606.019577 1363.104884) (R -2601.153597 1367.970864) (R -2588.065772 1350.017059) (R -2606.019577 1363.440464) (R -2601.489177 1369.481004) (R -2587.478498 1349.429785) (R -2606.019577 1366.970864) (R -2605.019577 1372.165674) (R -2610.214387 1376.360494) (R -2548.550623 1310.501910) (R -2606.019577 1366.970864) (R -2605.019577 1369.732684) (R -2607.781397 1389.280514) (R -2575.565226 1337.516513) (R -2606.019577 1366.970864) (R -2605.019577 1363.524364) (R -2601.573077 1380.051934) (R -2584.374336 1346.325623) (R -2606.019577 1366.970864) (R -2605.019577 1363.020984) (R -2601.069697 1373.591914) (R -2547.879453 1309.830740) (R -2606.019577 1366.970864) (R -2605.019577 1348.842514) (R -2586.891227 1378.709584) (R -2552.829333 1314.780620) (R -2606.019577 1366.970864) (R -2605.019577 1341.963014) (R -2580.011727 1368.390344) (R -2536.972936 1298.924223) (R -2606.019577 1366.970864) (R -2605.019577 1349.513684) (R -2587.562397 1361.007474) (R -2562.141821 1324.093108) (R -2606.019577 1366.970864) (R -2605.019577 1354.295764) (R -2592.344477 1357.483834) (R -2563.400265 1325.351552) (R -2606.019577 1366.970864) (R -2605.019577 1359.581234) (R -2597.629947 1349.094194) (R -2549.305690 1311.256977) (R -2606.019577 1366.970864) (R -2605.019577 1367.970864) (R -2606.019577 1349.178104) (R -2562.980784 1324.932071) (R -2606.019577 1366.970864) (R -2605.019577 1371.242824) (R -2609.291537 1356.477064) (R -2564.071435 1326.022722) (R -2606.019577 1366.970864) (R -2605.019577 1376.360494) (R -2614.409207 1355.134734) (R -2555.681807 1317.633094) (R -2606.019577 1366.970864) (R -2605.019577 1386.176354) (R -2624.225067 1356.896554) (R -2510.545607 1272.496894) (R -2606.019577 1366.970864) (R -2605.019577 1396.160014) (R -2634.208727 1362.853194) (R -2324.883127 1086.834414) (R -2606.019577 1366.970864) (R -2605.019577 1420.154354) (R -2658.203067 1370.907234) (R -2360.958537 1122.909824) (R -2606.019577 1366.970864) (R -2605.019577 1493.815289) (R -2001.966337 990.018104);

